[2019-04-30 11:53:00 #1.4]	INFO	Server is shutdown now
[2019-04-30 12:48:05 #1.4]	INFO	Server is shutdown now
[2019-04-30 14:01:52 $6.0]	INFO	Server is reloading task workers now
[2019-04-30 14:05:40 $6.0]	INFO	Server is reloading task workers now
[2019-04-30 14:08:54 $6.0]	INFO	Server is reloading task workers now
[2019-04-30 14:09:57 $6.0]	INFO	Server is reloading task workers now
[2019-04-30 14:56:24 $6.0]	INFO	Server is reloading task workers now
[2019-04-30 18:49:27 #1.4]	INFO	Server is shutdown now
[2019-05-05 09:26:23 $6.0]	INFO	Server is reloading task workers now
[2019-05-05 09:44:01 #1.4]	INFO	Server is shutdown now
[2019-05-05 11:32:17 $9.0]	INFO	Server is reloading task workers now
[2019-05-05 11:32:53 #1.4]	INFO	Server is shutdown now
[2019-05-05 11:33:29 #1.4]	INFO	Server is shutdown now
[2019-05-05 11:35:06 #1.4]	INFO	Server is shutdown now
[2019-05-05 11:38:35 #1.4]	INFO	Server is shutdown now
[2019-05-05 11:41:05 #1.4]	INFO	Server is shutdown now
[2019-05-05 11:49:22 #1.4]	INFO	Server is shutdown now
[2019-05-05 11:50:43 $7.0]	INFO	Server is reloading all workers now
[2019-05-05 13:26:56 #1.4]	INFO	Server is shutdown now
[2019-05-05 13:56:03 $7.0]	INFO	Server is reloading all workers now
[2019-05-05 13:57:32 $7.0]	INFO	Server is reloading all workers now
[2019-05-05 13:57:48 $7.0]	INFO	Server is reloading all workers now
[2019-05-05 13:58:01 $7.0]	INFO	Server is reloading all workers now
[2019-05-05 13:58:48 $7.0]	INFO	Server is reloading all workers now
[2019-05-05 13:58:58 $7.0]	INFO	Server is reloading all workers now
[2019-05-05 14:02:48 $7.0]	INFO	Server is reloading all workers now
[2019-05-05 14:03:22 $7.0]	INFO	Server is reloading all workers now
[2019-05-05 14:03:28 $7.0]	INFO	Server is reloading all workers now
[2019-05-05 14:03:42 $7.0]	INFO	Server is reloading all workers now
[2019-05-05 14:04:14 $7.0]	INFO	Server is reloading all workers now
[2019-05-05 14:09:20 $7.0]	INFO	Server is reloading all workers now
[2019-05-05 14:09:52 $7.0]	INFO	Server is reloading all workers now
[2019-05-05 14:10:11 $7.0]	INFO	Server is reloading all workers now
[2019-05-05 14:10:23 #1.4]	INFO	Server is shutdown now
[2019-05-05 14:10:56 $6.0]	INFO	Server is reloading all workers now
[2019-05-05 14:11:01 $6.0]	WARNING	swManager_kill_timeout_process (ERRNO 9012): [Manager] Worker#6[pid=25] exit timeout, forced kill
[2019-05-05 14:11:31 $6.0]	INFO	Server is reloading all workers now
[2019-05-05 14:11:36 $6.0]	WARNING	swManager_kill_timeout_process (ERRNO 9012): [Manager] Worker#6[pid=39] exit timeout, forced kill
[2019-05-05 15:07:49 $6.0]	INFO	Server is reloading all workers now
[2019-05-05 15:07:54 $6.0]	WARNING	swManager_kill_timeout_process (ERRNO 9012): [Manager] Worker#6[pid=49] exit timeout, forced kill
[2019-05-05 15:33:54 $6.0]	INFO	Server is reloading all workers now
[2019-05-05 15:33:58 $6.0]	INFO	Server is reloading all workers now
[2019-05-05 15:34:21 $6.0]	INFO	Server is reloading all workers now
[2019-05-05 15:34:36 $6.0]	INFO	Server is reloading all workers now
[2019-05-05 15:34:48 $6.0]	INFO	Server is reloading all workers now
[2019-05-05 15:40:08 $6.0]	INFO	Server is reloading all workers now
[2019-05-05 15:40:18 $6.0]	INFO	Server is reloading all workers now
[2019-05-05 15:41:16 $6.0]	INFO	Server is reloading all workers now
[2019-05-05 15:42:07 $6.0]	INFO	Server is reloading all workers now
[2019-05-05 15:42:20 $6.0]	INFO	Server is reloading all workers now
[2019-05-05 15:50:18 $6.0]	INFO	Server is reloading all workers now
[2019-05-05 15:50:28 $6.0]	INFO	Server is reloading all workers now
[2019-05-05 15:51:37 $6.0]	INFO	Server is reloading all workers now
[2019-05-05 15:51:48 $6.0]	INFO	Server is reloading all workers now
[2019-05-05 15:52:12 $6.0]	INFO	Server is reloading all workers now
[2019-05-05 15:53:05 $6.0]	INFO	Server is reloading all workers now
[2019-05-05 15:56:21 $6.0]	INFO	Server is reloading all workers now
[2019-05-05 15:56:33 $6.0]	INFO	Server is reloading all workers now
[2019-05-05 15:57:33 $6.0]	INFO	Server is reloading all workers now
[2019-05-05 15:57:38 $6.0]	WARNING	swManager_kill_timeout_process (ERRNO 9012): [Manager] Worker#6[pid=374] exit timeout, forced kill
[2019-05-05 15:57:40 $6.0]	INFO	Server is reloading all workers now
[2019-05-05 15:57:45 $6.0]	WARNING	swManager_kill_timeout_process (ERRNO 9012): [Manager] Worker#6[pid=392] exit timeout, forced kill
[2019-05-05 15:57:52 $6.0]	INFO	Server is reloading all workers now
[2019-05-05 15:57:57 $6.0]	WARNING	swManager_kill_timeout_process (ERRNO 9012): [Manager] Worker#6[pid=411] exit timeout, forced kill
[2019-05-05 15:58:22 $6.0]	INFO	Server is reloading all workers now
[2019-05-05 15:58:27 $6.0]	WARNING	swManager_kill_timeout_process (ERRNO 9012): [Manager] Worker#6[pid=426] exit timeout, forced kill
[2019-05-05 15:58:30 $6.0]	INFO	Server is reloading all workers now
[2019-05-05 15:58:35 $6.0]	WARNING	swManager_kill_timeout_process (ERRNO 9012): [Manager] Worker#6[pid=440] exit timeout, forced kill
[2019-05-05 15:59:18 $6.0]	INFO	Server is reloading all workers now
[2019-05-05 15:59:23 $6.0]	WARNING	swManager_kill_timeout_process (ERRNO 9012): [Manager] Worker#6[pid=461] exit timeout, forced kill
[2019-05-05 15:59:33 $6.0]	INFO	Server is reloading all workers now
[2019-05-05 15:59:43 $6.0]	INFO	Server is reloading all workers now
[2019-05-05 15:59:48 $6.0]	WARNING	swManager_kill_timeout_process (ERRNO 9012): [Manager] Worker#6[pid=496] exit timeout, forced kill
[2019-05-05 15:59:50 $6.0]	INFO	Server is reloading all workers now
[2019-05-05 15:59:55 $6.0]	WARNING	swManager_kill_timeout_process (ERRNO 9012): [Manager] Worker#6[pid=513] exit timeout, forced kill
[2019-05-05 16:00:03 $6.0]	INFO	Server is reloading all workers now
[2019-05-05 16:00:08 $6.0]	WARNING	swManager_kill_timeout_process (ERRNO 9012): [Manager] Worker#6[pid=532] exit timeout, forced kill
[2019-05-05 16:00:31 $6.0]	INFO	Server is reloading all workers now
[2019-05-05 16:00:36 $6.0]	WARNING	swManager_kill_timeout_process (ERRNO 9012): [Manager] Worker#6[pid=549] exit timeout, forced kill
[2019-05-05 16:07:00 $6.0]	INFO	Server is reloading all workers now
[2019-05-05 16:07:05 $6.0]	WARNING	swManager_kill_timeout_process (ERRNO 9012): [Manager] Worker#6[pid=566] exit timeout, forced kill
[2019-05-05 16:07:06 $6.0]	INFO	Server is reloading all workers now
[2019-05-05 16:07:14 $6.0]	INFO	Server is reloading all workers now
[2019-05-05 16:22:06 $6.0]	INFO	Server is reloading all workers now
[2019-05-05 16:28:33 $6.0]	INFO	Server is reloading all workers now
[2019-05-05 16:28:38 $6.0]	INFO	Server is reloading all workers now
[2019-05-05 16:30:02 $6.0]	INFO	Server is reloading all workers now
[2019-05-05 16:30:41 $6.0]	INFO	Server is reloading all workers now
[2019-05-05 16:32:18 $6.0]	INFO	Server is reloading all workers now
[2019-05-05 16:34:47 $6.0]	INFO	Server is reloading all workers now
[2019-05-05 16:37:08 $6.0]	INFO	Server is reloading all workers now
[2019-05-05 16:54:25 $6.0]	INFO	Server is reloading all workers now
[2019-05-05 16:55:30 $6.0]	INFO	Server is reloading all workers now
[2019-05-05 16:56:38 $6.0]	INFO	Server is reloading all workers now
[2019-05-05 16:57:31 $6.0]	INFO	Server is reloading all workers now
[2019-05-05 16:59:02 $6.0]	INFO	Server is reloading all workers now
[2019-05-05 16:59:22 $6.0]	INFO	Server is reloading all workers now
[2019-05-05 17:00:23 $6.0]	INFO	Server is reloading all workers now
[2019-05-05 17:01:47 $6.0]	INFO	Server is reloading all workers now
[2019-05-05 17:02:46 $6.0]	INFO	Server is reloading all workers now
[2019-05-05 17:03:34 $6.0]	INFO	Server is reloading all workers now
[2019-05-05 17:04:14 $6.0]	INFO	Server is reloading all workers now
[2019-05-05 17:04:29 $6.0]	INFO	Server is reloading all workers now
[2019-05-05 17:05:40 $6.0]	INFO	Server is reloading all workers now
[2019-05-05 17:06:11 $6.0]	INFO	Server is reloading all workers now
[2019-05-05 17:06:16 $6.0]	WARNING	swManager_kill_timeout_process (ERRNO 9012): [Manager] Worker#6[pid=1005] exit timeout, forced kill
[2019-05-05 17:06:19 $6.0]	WARNING	swManager_check_exit_status: worker#6[pid=1026] abnormal exit, status=255, signal=0
[2019-05-05 17:07:13 $6.0]	INFO	Server is reloading all workers now
[2019-05-05 17:07:52 $6.0]	INFO	Server is reloading all workers now
[2019-05-05 17:07:57 $6.0]	WARNING	swManager_kill_timeout_process (ERRNO 9012): [Manager] Worker#6[pid=1045] exit timeout, forced kill
[2019-05-05 17:08:47 $6.0]	INFO	Server is reloading all workers now
[2019-05-05 17:08:52 $6.0]	WARNING	swManager_kill_timeout_process (ERRNO 9012): [Manager] Worker#6[pid=1061] exit timeout, forced kill
[2019-05-05 17:09:02 $6.0]	INFO	Server is reloading all workers now
[2019-05-05 17:09:07 $6.0]	WARNING	swManager_kill_timeout_process (ERRNO 9012): [Manager] Worker#6[pid=1075] exit timeout, forced kill
[2019-05-05 17:09:47 $6.0]	INFO	Server is reloading all workers now
[2019-05-05 17:09:52 $6.0]	WARNING	swManager_kill_timeout_process (ERRNO 9012): [Manager] Worker#6[pid=1096] exit timeout, forced kill
[2019-05-05 17:09:56 $6.0]	INFO	Server is reloading all workers now
[2019-05-05 17:10:34 $6.0]	INFO	Server is reloading all workers now
[2019-05-05 17:10:39 $6.0]	WARNING	swManager_kill_timeout_process (ERRNO 9012): [Manager] Worker#6[pid=1128] exit timeout, forced kill
[2019-05-05 17:10:46 $6.0]	INFO	Server is reloading all workers now
[2019-05-05 17:10:51 $6.0]	WARNING	swManager_kill_timeout_process (ERRNO 9012): [Manager] Worker#6[pid=1146] exit timeout, forced kill
[2019-05-05 17:11:00 $6.0]	INFO	Server is reloading all workers now
[2019-05-05 17:11:05 $6.0]	WARNING	swManager_kill_timeout_process (ERRNO 9012): [Manager] Worker#6[pid=1159] exit timeout, forced kill
[2019-05-05 17:11:40 $6.0]	WARNING	swManager_check_exit_status: worker#6[pid=1179] abnormal exit, status=255, signal=0
[2019-05-05 17:11:40 $6.0]	INFO	Server is reloading all workers now
[2019-05-05 17:12:06 $6.0]	INFO	Server is reloading all workers now
[2019-05-05 17:12:09 $6.0]	WARNING	swManager_check_exit_status: worker#6[pid=1211] abnormal exit, status=255, signal=0
[2019-05-05 17:12:11 $6.0]	WARNING	swManager_kill_timeout_process (ERRNO 9012): [Manager] Worker#6[pid=1199] exit timeout, forced kill
[2019-05-05 17:12:32 $6.0]	INFO	Server is reloading all workers now
[2019-05-05 17:13:27 $6.0]	INFO	Server is reloading all workers now
[2019-05-05 17:13:32 $6.0]	WARNING	swManager_kill_timeout_process (ERRNO 9012): [Manager] Worker#7[pid=1229] exit timeout, forced kill
[2019-05-05 17:14:08 $6.0]	INFO	Server is reloading all workers now
[2019-05-05 17:14:13 $6.0]	WARNING	swManager_kill_timeout_process (ERRNO 9012): [Manager] Worker#7[pid=1251] exit timeout, forced kill
[2019-05-05 17:14:44 $6.0]	INFO	Server is reloading all workers now
[2019-05-05 17:15:25 $6.0]	WARNING	swManager_check_exit_status: worker#0[pid=1276] abnormal exit, status=255, signal=0
[2019-05-05 17:16:09 $6.0]	INFO	Server is reloading task workers now
[2019-05-05 17:16:36 #1.4]	INFO	Server is shutdown now
[2019-05-05 17:16:40 *1280.7]	WARNING	swWorker_try_to_exit (ERRNO 9012): worker exit timeout, forced to terminate
[2019-05-05 17:17:47 $7.0]	INFO	Server is reloading all workers now
[2019-05-05 17:17:50 $7.0]	INFO	Server is reloading all workers now
[2019-05-05 17:17:51 $7.0]	WARNING	swManager_check_exit_status: worker#6[pid=55] abnormal exit, status=255, signal=0
[2019-05-05 17:18:09 $7.0]	INFO	Server is reloading all workers now
[2019-05-05 17:19:37 $7.0]	INFO	Server is reloading all workers now
[2019-05-05 17:19:42 $7.0]	WARNING	swManager_kill_timeout_process (ERRNO 9012): [Manager] Worker#7[pid=72] exit timeout, forced kill
[2019-05-05 17:20:47 $7.0]	INFO	Server is reloading all workers now
[2019-05-05 17:20:52 $7.0]	WARNING	swManager_kill_timeout_process (ERRNO 9012): [Manager] Worker#7[pid=87] exit timeout, forced kill
[2019-05-05 17:21:22 $7.0]	INFO	Server is reloading all workers now
[2019-05-05 17:23:42 $7.0]	INFO	Server is reloading all workers now
[2019-05-05 17:24:17 $7.0]	INFO	Server is reloading all workers now
[2019-05-05 17:25:27 $7.0]	INFO	Server is reloading all workers now
[2019-05-05 17:44:58 $7.0]	WARNING	swManager_check_exit_status: worker#7[pid=173] abnormal exit, status=255, signal=0
[2019-05-05 17:46:54 #1.4]	INFO	Server is shutdown now
[2019-05-05 18:04:53 $7.0]	WARNING	swManager_check_exit_status: worker#6[pid=26] abnormal exit, status=255, signal=0
[2019-05-05 18:06:35 $7.0]	INFO	Server is reloading all workers now
[2019-05-05 18:06:37 $7.0]	WARNING	swManager_check_exit_status: worker#6[pid=39] abnormal exit, status=255, signal=0
[2019-05-05 18:06:48 $7.0]	WARNING	swManager_check_exit_status: worker#6[pid=47] abnormal exit, status=255, signal=0
[2019-05-05 18:07:05 $7.0]	WARNING	swManager_check_exit_status: worker#7[pid=34] abnormal exit, status=255, signal=0
[2019-05-05 18:08:06 $7.0]	WARNING	swManager_check_exit_status: worker#6[pid=48] abnormal exit, status=255, signal=0
[2019-05-05 18:09:26 $7.0]	INFO	Server is reloading all workers now
[2019-05-05 18:09:36 $7.0]	WARNING	swManager_check_exit_status: worker#6[pid=56] abnormal exit, status=255, signal=0
[2019-05-06 09:03:58 #1.4]	INFO	Server is shutdown now
[2019-05-06 16:22:11 $7.0]	INFO	Server is reloading all workers now
[2019-05-06 16:22:12 $7.0]	INFO	Server is reloading all workers now
[2019-05-06 16:23:00 $7.0]	INFO	Server is reloading all workers now
[2019-05-06 16:23:08 $7.0]	INFO	Server is reloading all workers now
[2019-05-06 16:24:14 $7.0]	INFO	Server is reloading all workers now
[2019-05-06 16:25:11 $7.0]	INFO	Server is reloading all workers now
[2019-05-06 16:26:36 $7.0]	INFO	Server is reloading all workers now
[2019-05-06 16:30:45 $7.0]	INFO	Server is reloading all workers now
[2019-05-06 16:31:53 $7.0]	INFO	Server is reloading all workers now
[2019-05-06 16:32:11 $7.0]	INFO	Server is reloading all workers now
[2019-05-06 16:40:18 $7.0]	INFO	Server is reloading all workers now
[2019-05-06 16:40:23 $7.0]	WARNING	swManager_kill_timeout_process (ERRNO 9012): [Manager] Worker#6[pid=191] exit timeout, forced kill
[2019-05-06 16:41:25 $7.0]	WARNING	swManager_check_exit_status: worker#6[pid=215] abnormal exit, status=255, signal=0
[2019-05-06 17:09:25 $7.0]	WARNING	swManager_check_exit_status: worker#6[pid=223] abnormal exit, status=255, signal=0
[2019-05-06 17:10:21 #1.4]	INFO	Server is shutdown now
[2019-05-06 17:10:26 *224.6]	WARNING	swWorker_try_to_exit (ERRNO 9012): worker exit timeout, forced to terminate
[2019-05-06 17:10:50 $6.0]	INFO	Server is reloading all workers now
[2019-05-06 17:10:55 $6.0]	WARNING	swManager_kill_timeout_process (ERRNO 9012): [Manager] Worker#6[pid=25] exit timeout, forced kill
[2019-05-06 17:11:42 $6.0]	INFO	Server is reloading all workers now
[2019-05-06 17:11:47 $6.0]	WARNING	swManager_kill_timeout_process (ERRNO 9012): [Manager] Worker#6[pid=30] exit timeout, forced kill
[2019-05-06 17:14:33 $6.0]	INFO	Server is reloading all workers now
[2019-05-06 17:14:38 $6.0]	WARNING	swManager_kill_timeout_process (ERRNO 9012): [Manager] Worker#6[pid=46] exit timeout, forced kill
[2019-05-06 17:14:38 $6.0]	WARNING	swManager_kill_timeout_process (ERRNO 9012): [Manager] Worker#7[pid=48] exit timeout, forced kill
[2019-05-06 17:16:20 $6.0]	INFO	Server is reloading all workers now
[2019-05-06 17:16:48 $6.0]	INFO	Server is reloading all workers now
[2019-05-06 17:16:57 $6.0]	INFO	Server is reloading all workers now
[2019-05-06 17:17:31 $6.0]	INFO	Server is reloading all workers now
[2019-05-06 17:18:07 $6.0]	INFO	Server is reloading all workers now
[2019-05-06 17:18:55 $6.0]	INFO	Server is reloading all workers now
[2019-05-06 17:19:00 $6.0]	WARNING	swManager_kill_timeout_process (ERRNO 9012): [Manager] Worker#6[pid=150] exit timeout, forced kill
[2019-05-06 17:20:24 $6.0]	INFO	Server is reloading all workers now
[2019-05-06 17:20:29 $6.0]	WARNING	swManager_kill_timeout_process (ERRNO 9012): [Manager] Worker#6[pid=169] exit timeout, forced kill
[2019-05-06 17:22:00 $6.0]	INFO	Server is reloading all workers now
[2019-05-06 17:22:05 $6.0]	WARNING	swManager_kill_timeout_process (ERRNO 9012): [Manager] Worker#6[pid=185] exit timeout, forced kill
[2019-05-06 17:22:13 $6.0]	INFO	Server is reloading all workers now
[2019-05-06 17:23:32 $6.0]	INFO	Server is reloading all workers now
[2019-05-06 17:23:37 $6.0]	WARNING	swManager_kill_timeout_process (ERRNO 9012): [Manager] Worker#6[pid=218] exit timeout, forced kill
[2019-05-06 17:24:45 $6.0]	INFO	Server is reloading all workers now
[2019-05-06 17:24:50 $6.0]	WARNING	swManager_kill_timeout_process (ERRNO 9012): [Manager] Worker#6[pid=238] exit timeout, forced kill
[2019-05-06 17:24:53 $6.0]	INFO	Server is reloading all workers now
[2019-05-06 17:25:00 $6.0]	INFO	Server is reloading all workers now
[2019-05-06 17:25:05 $6.0]	WARNING	swManager_kill_timeout_process (ERRNO 9012): [Manager] Worker#6[pid=266] exit timeout, forced kill
[2019-05-06 17:25:09 $6.0]	INFO	Server is reloading all workers now
[2019-05-06 17:25:14 $6.0]	WARNING	swManager_kill_timeout_process (ERRNO 9012): [Manager] Worker#6[pid=290] exit timeout, forced kill
[2019-05-06 17:25:56 $6.0]	INFO	Server is reloading all workers now
[2019-05-06 17:26:39 $6.0]	INFO	Server is reloading all workers now
[2019-05-06 17:29:04 $6.0]	INFO	Server is reloading all workers now
[2019-05-06 17:29:15 $6.0]	INFO	Server is reloading all workers now
[2019-05-06 17:29:20 $6.0]	WARNING	swManager_kill_timeout_process (ERRNO 9012): [Manager] Worker#6[pid=356] exit timeout, forced kill
[2019-05-06 17:30:22 $6.0]	INFO	Server is reloading all workers now
[2019-05-06 17:30:27 $6.0]	WARNING	swManager_kill_timeout_process (ERRNO 9012): [Manager] Worker#6[pid=377] exit timeout, forced kill
[2019-05-06 17:30:50 $6.0]	INFO	Server is reloading all workers now
[2019-05-06 17:30:55 $6.0]	WARNING	swManager_kill_timeout_process (ERRNO 9012): [Manager] Worker#6[pid=390] exit timeout, forced kill
[2019-05-06 17:31:14 $6.0]	INFO	Server is reloading all workers now
[2019-05-06 17:31:19 $6.0]	WARNING	swManager_kill_timeout_process (ERRNO 9012): [Manager] Worker#6[pid=410] exit timeout, forced kill
[2019-05-06 17:31:53 $6.0]	INFO	Server is reloading all workers now
[2019-05-06 17:32:00 $6.0]	WARNING	swManager_check_exit_status: worker#6[pid=443] abnormal exit, status=255, signal=0
[2019-05-06 17:32:32 $6.0]	INFO	Server is reloading all workers now
[2019-05-06 17:32:37 *451.6]	WARNING	swWorker_try_to_exit (ERRNO 9012): worker exit timeout, forced to terminate
[2019-05-06 17:32:43 $6.0]	WARNING	swManager_check_exit_status: worker#6[pid=459] abnormal exit, status=255, signal=0
[2019-05-06 17:33:35 $6.0]	INFO	Server is reloading all workers now
[2019-05-06 17:33:38 $6.0]	INFO	Server is reloading all workers now
[2019-05-06 17:33:53 $6.0]	WARNING	swManager_check_exit_status: worker#6[pid=491] abnormal exit, status=255, signal=0
[2019-05-06 17:34:49 $6.0]	INFO	Server is reloading all workers now
[2019-05-06 17:34:54 $6.0]	WARNING	swManager_kill_timeout_process (ERRNO 9012): [Manager] Worker#6[pid=504] exit timeout, forced kill
[2019-05-06 17:36:33 $6.0]	WARNING	swManager_check_exit_status: worker#6[pid=511] abnormal exit, status=255, signal=0
[2019-05-06 17:38:15 $6.0]	INFO	Server is reloading all workers now
[2019-05-06 17:38:54 $6.0]	INFO	Server is reloading all workers now
[2019-05-06 17:38:59 $6.0]	WARNING	swManager_kill_timeout_process (ERRNO 9012): [Manager] Worker#6[pid=531] exit timeout, forced kill
[2019-05-06 17:39:30 $6.0]	INFO	Server is reloading all workers now
[2019-05-06 17:40:59 $6.0]	INFO	Server is reloading all workers now
[2019-05-06 17:41:04 $6.0]	WARNING	swManager_kill_timeout_process (ERRNO 9012): [Manager] Worker#6[pid=566] exit timeout, forced kill
[2019-05-06 17:41:19 $6.0]	INFO	Server is reloading all workers now
[2019-05-06 17:41:24 $6.0]	WARNING	swManager_kill_timeout_process (ERRNO 9012): [Manager] Worker#6[pid=585] exit timeout, forced kill
[2019-05-06 17:41:34 $6.0]	INFO	Server is reloading all workers now
[2019-05-06 17:41:39 $6.0]	WARNING	swManager_kill_timeout_process (ERRNO 9012): [Manager] Worker#6[pid=596] exit timeout, forced kill
[2019-05-06 17:42:14 $6.0]	INFO	Server is reloading all workers now
[2019-05-06 17:42:22 $6.0]	INFO	Server is reloading all workers now
[2019-05-06 17:42:27 $6.0]	WARNING	swManager_kill_timeout_process (ERRNO 9012): [Manager] Worker#6[pid=633] exit timeout, forced kill
[2019-05-06 17:44:41 $6.0]	INFO	Server is reloading all workers now
[2019-05-06 17:44:46 $6.0]	WARNING	swManager_kill_timeout_process (ERRNO 9012): [Manager] Worker#6[pid=655] exit timeout, forced kill
[2019-05-06 17:45:44 $6.0]	WARNING	swManager_check_exit_status: worker#6[pid=672] abnormal exit, status=255, signal=0
[2019-05-06 17:47:57 $6.0]	INFO	Server is reloading all workers now
[2019-05-06 17:48:02 $6.0]	WARNING	swManager_kill_timeout_process (ERRNO 9012): [Manager] Worker#6[pid=680] exit timeout, forced kill
[2019-05-06 17:48:14 $6.0]	INFO	Server is reloading all workers now
[2019-05-06 17:48:19 $6.0]	WARNING	swManager_kill_timeout_process (ERRNO 9012): [Manager] Worker#6[pid=690] exit timeout, forced kill
[2019-05-06 17:49:57 $6.0]	INFO	Server is reloading all workers now
[2019-05-06 17:50:02 $6.0]	WARNING	swManager_kill_timeout_process (ERRNO 9012): [Manager] Worker#6[pid=708] exit timeout, forced kill
[2019-05-06 17:50:25 $6.0]	INFO	Server is reloading all workers now
[2019-05-06 17:50:30 $6.0]	WARNING	swManager_kill_timeout_process (ERRNO 9012): [Manager] Worker#6[pid=725] exit timeout, forced kill
[2019-05-06 17:50:45 $6.0]	INFO	Server is reloading all workers now
[2019-05-06 18:02:21 $6.0]	WARNING	swManager_check_exit_status: worker#6[pid=754] abnormal exit, status=255, signal=0
[2019-05-06 18:03:21 $6.0]	INFO	Server is reloading all workers now
[2019-05-06 18:03:26 $6.0]	WARNING	swManager_kill_timeout_process (ERRNO 9012): [Manager] Worker#6[pid=768] exit timeout, forced kill
[2019-05-06 18:03:41 $6.0]	INFO	Server is reloading all workers now
[2019-05-06 18:03:44 $6.0]	INFO	Server is reloading all workers now
[2019-05-06 18:03:46 $6.0]	WARNING	swManager_kill_timeout_process (ERRNO 9012): [Manager] Worker#6[pid=781] exit timeout, forced kill
[2019-05-06 18:04:07 $6.0]	WARNING	swManager_check_exit_status: worker#6[pid=813] abnormal exit, status=255, signal=0
[2019-05-06 18:05:12 $6.0]	INFO	Server is reloading all workers now
[2019-05-06 18:05:17 $6.0]	WARNING	swManager_kill_timeout_process (ERRNO 9012): [Manager] Worker#6[pid=824] exit timeout, forced kill
[2019-05-06 18:06:35 $6.0]	INFO	Server is reloading all workers now
[2019-05-06 18:07:14 $6.0]	INFO	Server is reloading all workers now
[2019-05-06 18:07:22 $6.0]	INFO	Server is reloading all workers now
[2019-05-06 18:07:57 $6.0]	INFO	Server is reloading all workers now
[2019-05-06 18:08:02 $6.0]	WARNING	swManager_kill_timeout_process (ERRNO 9012): [Manager] Worker#6[pid=884] exit timeout, forced kill
[2019-05-06 18:08:29 $6.0]	INFO	Server is reloading all workers now
[2019-05-06 18:08:34 $6.0]	WARNING	swManager_kill_timeout_process (ERRNO 9012): [Manager] Worker#6[pid=899] exit timeout, forced kill
[2019-05-06 18:08:40 $6.0]	WARNING	swManager_check_exit_status: worker#6[pid=914] abnormal exit, status=255, signal=0
[2019-05-06 18:10:16 $6.0]	INFO	Server is reloading all workers now
[2019-05-07 09:18:34 $6.0]	WARNING	swManager_check_exit_status: worker#6[pid=930] abnormal exit, status=255, signal=0
[2019-05-07 09:20:13 $6.0]	INFO	Server is reloading all workers now
[2019-05-07 09:22:20 $6.0]	INFO	Server is reloading all workers now
[2019-05-07 09:22:25 $6.0]	WARNING	swManager_kill_timeout_process (ERRNO 9012): [Manager] Worker#6[pid=954] exit timeout, forced kill
[2019-05-07 09:22:26 $6.0]	INFO	Server is reloading all workers now
[2019-05-07 09:22:31 $6.0]	INFO	Server is reloading all workers now
[2019-05-07 09:22:44 $6.0]	INFO	Server is reloading all workers now
[2019-05-07 09:24:11 $6.0]	INFO	Server is reloading all workers now
[2019-05-07 09:24:22 #1.4]	INFO	Server is shutdown now
[2019-05-07 09:25:25 $6.0]	INFO	Server is reloading all workers now
[2019-05-07 09:25:30 $6.0]	WARNING	swManager_kill_timeout_process (ERRNO 9012): [Manager] Worker#6[pid=25] exit timeout, forced kill
[2019-05-07 09:26:09 $6.0]	INFO	Server is reloading all workers now
[2019-05-07 09:27:05 $6.0]	INFO	Server is reloading all workers now
[2019-05-07 09:27:10 $6.0]	WARNING	swManager_kill_timeout_process (ERRNO 9012): [Manager] Worker#6[pid=48] exit timeout, forced kill
[2019-05-07 09:29:03 $6.0]	INFO	Server is reloading all workers now
[2019-05-07 09:29:08 $6.0]	WARNING	swManager_kill_timeout_process (ERRNO 9012): [Manager] Worker#6[pid=68] exit timeout, forced kill
[2019-05-07 09:30:26 $6.0]	INFO	Server is reloading all workers now
[2019-05-07 09:30:28 $6.0]	INFO	Server is reloading all workers now
[2019-05-07 09:30:31 $6.0]	WARNING	swManager_kill_timeout_process (ERRNO 9012): [Manager] Worker#6[pid=86] exit timeout, forced kill
[2019-05-07 09:31:12 $6.0]	INFO	Server is reloading all workers now
[2019-05-07 09:31:17 $6.0]	WARNING	swManager_kill_timeout_process (ERRNO 9012): [Manager] Worker#6[pid=120] exit timeout, forced kill
[2019-05-07 09:32:04 $6.0]	INFO	Server is reloading all workers now
[2019-05-07 09:32:09 $6.0]	WARNING	swManager_kill_timeout_process (ERRNO 9012): [Manager] Worker#6[pid=137] exit timeout, forced kill
[2019-05-07 09:34:06 $6.0]	INFO	Server is reloading all workers now
[2019-05-07 09:34:11 $6.0]	WARNING	swManager_kill_timeout_process (ERRNO 9012): [Manager] Worker#6[pid=154] exit timeout, forced kill
[2019-05-07 09:34:27 #1.4]	INFO	Server is shutdown now
[2019-05-07 09:34:32 *170.6]	WARNING	swWorker_try_to_exit (ERRNO 9012): worker exit timeout, forced to terminate
[2019-05-07 09:36:45 $6.0]	INFO	Server is reloading all workers now
[2019-05-07 09:36:47 #1.4]	INFO	Server is shutdown now
[2019-05-07 09:37:33 $7.0]	INFO	Server is reloading all workers now
[2019-05-07 09:37:38 $7.0]	WARNING	swManager_kill_timeout_process (ERRNO 9012): [Manager] Worker#6[pid=26] exit timeout, forced kill
[2019-05-07 09:37:40 #1.4]	INFO	Server is shutdown now
[2019-05-07 09:39:42 $6.0]	INFO	Server is reloading all workers now
[2019-05-07 09:39:47 $6.0]	WARNING	swManager_kill_timeout_process (ERRNO 9012): [Manager] Worker#6[pid=25] exit timeout, forced kill
[2019-05-07 09:40:22 $6.0]	INFO	Server is reloading all workers now
[2019-05-07 09:40:27 $6.0]	WARNING	swManager_kill_timeout_process (ERRNO 9012): [Manager] Worker#6[pid=35] exit timeout, forced kill
[2019-05-07 09:50:31 $6.0]	INFO	Server is reloading all workers now
[2019-05-07 09:50:36 $6.0]	WARNING	swManager_kill_timeout_process (ERRNO 9012): [Manager] Worker#6[pid=52] exit timeout, forced kill
[2019-05-07 09:50:50 $6.0]	INFO	Server is reloading all workers now
[2019-05-07 09:51:42 $6.0]	INFO	Server is reloading all workers now
